
=== Wed Oct 16 10:36:54 2024

Packages were changed.
Update Mode: mergeDefaultDependencies

The following packages were added:
  com.unity.modules.ai@1.0.0
  com.unity.modules.androidjni@1.0.0
  com.unity.modules.animation@1.0.0
  com.unity.modules.assetbundle@1.0.0
  com.unity.modules.audio@1.0.0
  com.unity.modules.cloth@1.0.0
  com.unity.modules.director@1.0.0
  com.unity.modules.imageconversion@1.0.0
  com.unity.modules.imgui@1.0.0
  com.unity.modules.jsonserialize@1.0.0
  com.unity.modules.particlesystem@1.0.0
  com.unity.modules.physics@1.0.0
  com.unity.modules.physics2d@1.0.0
  com.unity.modules.screencapture@1.0.0
  com.unity.modules.terrain@1.0.0
  com.unity.modules.terrainphysics@1.0.0
  com.unity.modules.tilemap@1.0.0
  com.unity.modules.ui@1.0.0
  com.unity.modules.uielements@1.0.0
  com.unity.modules.umbra@1.0.0
  com.unity.modules.unityanalytics@1.0.0
  com.unity.modules.unitywebrequest@1.0.0
  com.unity.modules.unitywebrequestassetbundle@1.0.0
  com.unity.modules.unitywebrequestaudio@1.0.0
  com.unity.modules.unitywebrequesttexture@1.0.0
  com.unity.modules.unitywebrequestwww@1.0.0
  com.unity.modules.vehicles@1.0.0
  com.unity.modules.video@1.0.0
  com.unity.modules.vr@1.0.0
  com.unity.modules.wind@1.0.0
  com.unity.modules.xr@1.0.0
The following packages were updated:
  com.unity.collab-proxy from version 1.15.7 to 2.4.4
  com.unity.render-pipelines.high-definition from version 14.0.0 to 14.0.11
  com.unity.timeline from version 1.6.3 to 1.7.6
  com.unity.visualscripting from version 1.7.6 to 1.9.4

=== Tue Dec  3 03:35:40 2024

Packages were changed.
Update Mode: updateDependencies

The following packages were updated:
  com.unity.inputsystem from version 1.7.0 to 1.11.0
  com.unity.textmeshpro from version 3.0.6 to 3.0.7

=== Sat Dec 14 23:16:24 2024

Packages were changed.
Update Mode: updateDependencies

The following packages were updated:
  com.unity.inputsystem from version 1.11.0 to 1.11.2

=== Thu Feb 27 16:05:08 2025

Packages were changed.
Update Mode: updateDependencies

The following packages were updated:
  com.unity.collab-proxy from version 2.5.2 to 2.7.1
  com.unity.render-pipelines.universal from version 14.0.11 to 14.0.12
  com.unity.xr.legacyinputhelpers from version 2.1.11 to 2.1.12

=== Fri Apr 25 06:34:12 2025

Packages were changed.
Update Mode: updateDependencies

The following packages were updated:
  com.unity.inputsystem from version 1.11.2 to 1.14.0
  com.unity.timeline from version 1.7.6 to 1.7.7

=== Sat May 24 11:08:55 2025

Packages were changed.
Update Mode: updateDependencies

The following packages were updated:
  com.unity.shadergraph from version 14.0.11 to 14.0.12
  com.unity.visualeffectgraph from version 14.0.11 to 14.0.12

=== Sat May 24 11:08:55 2025

Packages were changed.
Update Mode: mergeDefaultDependencies

The following packages were added:
  com.unity.shadergraph@14.0.12

=== Mon Jun  2 00:36:34 2025

Packages were changed.
Update Mode: updateDependencies

The following packages were updated:
  com.unity.collab-proxy from version 2.4.4 to 2.7.1
  com.unity.ide.rider from version 3.0.21 to 3.0.36
  com.unity.ide.visualstudio from version 2.0.18 to 2.0.22
  com.unity.performance.profile-analyzer from version 1.2.2 to 1.2.3
  com.unity.postprocessing from version 3.2.2 to 3.4.0
  com.unity.settings-manager from version 2.0.1 to 2.1.0
  com.unity.testtools.codecoverage from version 1.2.3 to 1.2.6
  com.unity.textmeshpro from version 3.0.6 to 3.0.7
  com.unity.timeline from version 1.7.4 to 1.7.7
  com.unity.visualscripting from version 1.8.0 to 1.9.4

=== Mon Jun  2 00:36:34 2025

Packages were changed.
Update Mode: mergeDefaultDependencies

The following packages were added:
  com.unity.editorcoroutines@1.0.0
  com.unity.ext.nunit@1.0.6
  com.unity.ide.rider@3.0.36
  com.unity.ide.visualstudio@2.0.22
  com.unity.ide.vscode@1.2.5
  com.unity.performance.profile-analyzer@1.2.3
  com.unity.settings-manager@2.1.0
  com.unity.test-framework@1.1.33
  com.unity.testtools.codecoverage@1.2.6
  com.unity.modules.subsystems@1.0.0

=== Wed Jun  4 16:20:01 2025

Packages were changed.
Update Mode: updateDependencies

The following packages were updated:
  com.unity.burst from version 1.8.4 to 1.8.21
  com.unity.collab-proxy from version 2.4.4 to 2.7.1
  com.unity.ide.rider from version 3.0.21 to 3.0.36
  com.unity.ide.visualstudio from version 2.0.18 to 2.0.22
  com.unity.postprocessing from version 3.2.2 to 3.4.0
  com.unity.render-pipelines.core from version 14.0.7 to 14.0.12
  com.unity.render-pipelines.universal from version 14.0.7 to 14.0.12
  com.unity.shadergraph from version 14.0.7 to 14.0.12
  com.unity.textmeshpro from version 3.0.6 to 3.0.7
  com.unity.timeline from version 1.7.4 to 1.7.7
  com.unity.visualscripting from version 1.8.0 to 1.9.4

=== Wed Jun  4 16:20:01 2025

Packages were changed.
Update Mode: mergeDefaultDependencies

The following packages were added:
  com.unity.burst@1.8.21
  com.unity.mathematics@1.2.6
  com.unity.render-pipelines.core@14.0.12
  com.unity.searcher@4.9.2
